<?xml version="1.0" encoding="UTF-8"?>
<!-- Generated by org.testng.reporters.JUnitReportReporter -->
<testsuite hostname="LAPTOP-3QQ5MNB4" failures="0" tests="1" name="Printing.POC.CheckingConcept" time="0.007" errors="0" timestamp="2022-10-14T09:35:12 IST" skipped="0">
  <testcase classname="Printing.POC.CheckingConcept" name="execute" time="0.007"/>
  <system-out/>
</testsuite> <!-- Printing.POC.CheckingConcept -->
